[2024-03-18T10:22:17.078Z] ERROR: undefined
[2024-03-18T10:22:24.097Z] reading from db
[2024-03-18T10:22:24.101Z] Starting model training...
[2024-03-18T10:22:24.148Z] -------------------------normelizeData-------------------------
[2024-03-18T10:22:24.151Z] x 
[2024-03-18T10:22:24.157Z] x 
[2024-03-18T10:22:24.166Z] X_normalized before reshape: 
[2024-03-18T10:22:24.176Z] -------------------------normelizeData-------------------------
[2024-03-18T10:22:24.177Z] x 
[2024-03-18T10:22:24.211Z] __________________________________________________________________________________________
[2024-03-18T10:22:24.212Z] Layer (type)                Input Shape               Output shape              Param #   
[2024-03-18T10:22:24.212Z] ==========================================================================================
[2024-03-18T10:22:24.213Z] dense_Dense1 (Dense)        [[null,2]]                [null,50]                 150       
[2024-03-18T10:22:24.213Z] __________________________________________________________________________________________
[2024-03-18T10:22:24.213Z] dense_Dense2 (Dense)        [[null,50]]               [null,25]                 1275      
[2024-03-18T10:22:24.213Z] __________________________________________________________________________________________
[2024-03-18T10:22:24.214Z] dense_Dense3 (Dense)        [[null,25]]               [null,1]                  26        
[2024-03-18T10:22:24.214Z] ==========================================================================================
[2024-03-18T10:22:24.214Z] Total params: 1451
[2024-03-18T10:22:24.214Z] Trainable params: 1451
[2024-03-18T10:22:24.215Z] Non-trainable params: 0
[2024-03-18T10:22:24.215Z] __________________________________________________________________________________________
[2024-03-18T10:25:33.199Z] error: 0.1376829445362091
[2024-03-18T10:25:33.199Z] after fitting
[2024-03-18T10:25:33.662Z] Successfully saving 00:B0:52:FF:FF:02
[2024-03-18T10:25:33.668Z] -------------------------normelizeData-------------------------
[2024-03-18T10:25:33.668Z] x 
[2024-03-18T10:25:33.670Z] x 
[2024-03-18T10:25:33.673Z] X_normalized before reshape: 
[2024-03-18T10:25:33.681Z] -------------------------normelizeData-------------------------
[2024-03-18T10:25:33.681Z] x 
[2024-03-18T10:25:33.691Z] __________________________________________________________________________________________
[2024-03-18T10:25:33.692Z] Layer (type)                Input Shape               Output shape              Param #   
[2024-03-18T10:25:33.692Z] ==========================================================================================
[2024-03-18T10:25:33.693Z] dense_Dense4 (Dense)        [[null,2]]                [null,50]                 150       
[2024-03-18T10:25:33.693Z] __________________________________________________________________________________________
[2024-03-18T10:25:33.693Z] dense_Dense5 (Dense)        [[null,50]]               [null,25]                 1275      
[2024-03-18T10:25:33.693Z] __________________________________________________________________________________________
[2024-03-18T10:25:33.693Z] dense_Dense6 (Dense)        [[null,25]]               [null,1]                  26        
[2024-03-18T10:25:33.694Z] ==========================================================================================
[2024-03-18T10:25:33.694Z] Total params: 1451
[2024-03-18T10:25:33.695Z] Trainable params: 1451
[2024-03-18T10:25:33.695Z] Non-trainable params: 0
[2024-03-18T10:25:33.695Z] __________________________________________________________________________________________
[2024-03-18T10:26:00.408Z] error: 0.17181548476219177
[2024-03-18T10:26:00.409Z] after fitting
[2024-03-18T10:26:00.718Z] Successfully saving 14:1F:BA:10:7D:61
[2024-03-18T10:26:00.724Z] -------------------------normelizeData-------------------------
[2024-03-18T10:26:00.725Z] x 
[2024-03-18T10:26:00.728Z] x 
[2024-03-18T10:26:00.731Z] X_normalized before reshape: 
[2024-03-18T10:26:00.741Z] -------------------------normelizeData-------------------------
[2024-03-18T10:26:00.741Z] x 
[2024-03-18T10:26:00.747Z] __________________________________________________________________________________________
[2024-03-18T10:26:00.747Z] Layer (type)                Input Shape               Output shape              Param #   
[2024-03-18T10:26:00.748Z] ==========================================================================================
[2024-03-18T10:26:00.748Z] dense_Dense7 (Dense)        [[null,2]]                [null,50]                 150       
[2024-03-18T10:26:00.748Z] __________________________________________________________________________________________
[2024-03-18T10:26:00.749Z] dense_Dense8 (Dense)        [[null,50]]               [null,25]                 1275      
[2024-03-18T10:26:00.749Z] __________________________________________________________________________________________
[2024-03-18T10:26:00.749Z] dense_Dense9 (Dense)        [[null,25]]               [null,1]                  26        
[2024-03-18T10:26:00.749Z] ==========================================================================================
[2024-03-18T10:26:00.750Z] Total params: 1451
[2024-03-18T10:26:00.750Z] Trainable params: 1451
[2024-03-18T10:26:00.750Z] Non-trainable params: 0
[2024-03-18T10:26:00.750Z] __________________________________________________________________________________________
[2024-03-18T10:26:16.242Z] error: 0.032126400619745255
[2024-03-18T10:26:16.242Z] after fitting
[2024-03-18T10:26:16.676Z] Successfully saving 14:1F:BA:10:7D:66
[2024-03-18T10:26:16.684Z] -------------------------normelizeData-------------------------
[2024-03-18T10:26:16.685Z] x 
[2024-03-18T10:26:16.687Z] x 
[2024-03-18T10:26:16.690Z] X_normalized before reshape: 
[2024-03-18T10:26:16.699Z] -------------------------normelizeData-------------------------
[2024-03-18T10:26:16.700Z] x 
[2024-03-18T10:26:16.705Z] __________________________________________________________________________________________
[2024-03-18T10:26:16.706Z] Layer (type)                Input Shape               Output shape              Param #   
[2024-03-18T10:26:16.706Z] ==========================================================================================
[2024-03-18T10:26:16.707Z] dense_Dense10 (Dense)       [[null,2]]                [null,50]                 150       
[2024-03-18T10:26:16.707Z] __________________________________________________________________________________________
[2024-03-18T10:26:16.707Z] dense_Dense11 (Dense)       [[null,50]]               [null,25]                 1275      
[2024-03-18T10:26:16.707Z] __________________________________________________________________________________________
[2024-03-18T10:26:16.708Z] dense_Dense12 (Dense)       [[null,25]]               [null,1]                  26        
[2024-03-18T10:26:16.708Z] ==========================================================================================
[2024-03-18T10:26:16.708Z] Total params: 1451
[2024-03-18T10:26:16.709Z] Trainable params: 1451
[2024-03-18T10:26:16.709Z] Non-trainable params: 0
[2024-03-18T10:26:16.709Z] __________________________________________________________________________________________
[2024-03-18T10:26:39.007Z] error: 0.042794134467840195
[2024-03-18T10:26:39.008Z] after fitting
[2024-03-18T10:26:39.393Z] Successfully saving 14:1F:BA:10:7D:9E
[2024-03-18T10:26:39.399Z] -------------------------normelizeData-------------------------
[2024-03-18T10:26:39.400Z] x 
[2024-03-18T10:26:39.402Z] x 
[2024-03-18T10:26:39.404Z] X_normalized before reshape: 
[2024-03-18T10:26:39.415Z] -------------------------normelizeData-------------------------
[2024-03-18T10:26:39.415Z] x 
[2024-03-18T10:26:39.423Z] __________________________________________________________________________________________
[2024-03-18T10:26:39.423Z] Layer (type)                Input Shape               Output shape              Param #   
[2024-03-18T10:26:39.424Z] ==========================================================================================
[2024-03-18T10:26:39.424Z] dense_Dense13 (Dense)       [[null,2]]                [null,50]                 150       
[2024-03-18T10:26:39.424Z] __________________________________________________________________________________________
[2024-03-18T10:26:39.424Z] dense_Dense14 (Dense)       [[null,50]]               [null,25]                 1275      
[2024-03-18T10:26:39.425Z] __________________________________________________________________________________________
[2024-03-18T10:26:39.425Z] dense_Dense15 (Dense)       [[null,25]]               [null,1]                  26        
[2024-03-18T10:26:39.425Z] ==========================================================================================
[2024-03-18T10:26:39.426Z] Total params: 1451
[2024-03-18T10:26:39.426Z] Trainable params: 1451
[2024-03-18T10:26:39.426Z] Non-trainable params: 0
[2024-03-18T10:26:39.426Z] __________________________________________________________________________________________
[2024-03-18T10:27:14.045Z] error: 0.06648599356412888
[2024-03-18T10:27:14.046Z] after fitting
[2024-03-18T10:27:14.303Z] Successfully saving 14:1F:BA:10:7F:78
[2024-03-18T10:27:14.312Z] -------------------------normelizeData-------------------------
[2024-03-18T10:27:14.312Z] x 
[2024-03-18T10:27:14.315Z] x 
[2024-03-18T10:27:14.317Z] X_normalized before reshape: 
[2024-03-18T10:27:14.329Z] -------------------------normelizeData-------------------------
[2024-03-18T10:27:14.329Z] x 
[2024-03-18T10:27:14.333Z] __________________________________________________________________________________________
[2024-03-18T10:27:14.334Z] Layer (type)                Input Shape               Output shape              Param #   
[2024-03-18T10:27:14.334Z] ==========================================================================================
[2024-03-18T10:27:14.334Z] dense_Dense16 (Dense)       [[null,2]]                [null,50]                 150       
[2024-03-18T10:27:14.334Z] __________________________________________________________________________________________
[2024-03-18T10:27:14.335Z] dense_Dense17 (Dense)       [[null,50]]               [null,25]                 1275      
[2024-03-18T10:27:14.335Z] __________________________________________________________________________________________
[2024-03-18T10:27:14.335Z] dense_Dense18 (Dense)       [[null,25]]               [null,1]                  26        
[2024-03-18T10:27:14.335Z] ==========================================================================================
[2024-03-18T10:27:14.335Z] Total params: 1451
[2024-03-18T10:27:14.336Z] Trainable params: 1451
[2024-03-18T10:27:14.336Z] Non-trainable params: 0
[2024-03-18T10:27:14.336Z] __________________________________________________________________________________________
[2024-03-18T10:27:57.551Z] error: 0.08250658214092255
[2024-03-18T10:27:57.551Z] after fitting
[2024-03-18T10:27:57.978Z] Successfully saving 14:1F:BA:10:7F:79
[2024-03-18T10:27:57.984Z] -------------------------normelizeData-------------------------
[2024-03-18T10:27:57.985Z] x 
[2024-03-18T10:27:57.987Z] x 
[2024-03-18T10:27:57.990Z] X_normalized before reshape: 
[2024-03-18T10:27:57.998Z] -------------------------normelizeData-------------------------
[2024-03-18T10:27:57.998Z] x 
[2024-03-18T10:27:58.004Z] __________________________________________________________________________________________
[2024-03-18T10:27:58.004Z] Layer (type)                Input Shape               Output shape              Param #   
[2024-03-18T10:27:58.004Z] ==========================================================================================
[2024-03-18T10:27:58.005Z] dense_Dense19 (Dense)       [[null,2]]                [null,50]                 150       
[2024-03-18T10:27:58.005Z] __________________________________________________________________________________________
[2024-03-18T10:27:58.005Z] dense_Dense20 (Dense)       [[null,50]]               [null,25]                 1275      
[2024-03-18T10:27:58.005Z] __________________________________________________________________________________________
[2024-03-18T10:27:58.006Z] dense_Dense21 (Dense)       [[null,25]]               [null,1]                  26        
[2024-03-18T10:27:58.006Z] ==========================================================================================
[2024-03-18T10:27:58.006Z] Total params: 1451
[2024-03-18T10:27:58.007Z] Trainable params: 1451
[2024-03-18T10:27:58.007Z] Non-trainable params: 0
[2024-03-18T10:27:58.007Z] __________________________________________________________________________________________
[2024-03-18T10:28:09.945Z] error: 0.011319649405777454
[2024-03-18T10:28:09.946Z] after fitting
[2024-03-18T10:28:10.219Z] Successfully saving 14:1F:BA:10:7F:7A
[2024-03-18T10:28:10.224Z] -------------------------normelizeData-------------------------
[2024-03-18T10:28:10.225Z] x 
[2024-03-18T10:28:10.226Z] x 
[2024-03-18T10:28:10.228Z] X_normalized before reshape: 
[2024-03-18T10:28:10.237Z] -------------------------normelizeData-------------------------
[2024-03-18T10:28:10.238Z] x 
[2024-03-18T10:28:10.243Z] __________________________________________________________________________________________
[2024-03-18T10:28:10.243Z] Layer (type)                Input Shape               Output shape              Param #   
[2024-03-18T10:28:10.243Z] ==========================================================================================
[2024-03-18T10:28:10.244Z] dense_Dense22 (Dense)       [[null,2]]                [null,50]                 150       
[2024-03-18T10:28:10.244Z] __________________________________________________________________________________________
[2024-03-18T10:28:10.244Z] dense_Dense23 (Dense)       [[null,50]]               [null,25]                 1275      
[2024-03-18T10:28:10.244Z] __________________________________________________________________________________________
[2024-03-18T10:28:10.245Z] dense_Dense24 (Dense)       [[null,25]]               [null,1]                  26        
[2024-03-18T10:28:10.245Z] ==========================================================================================
[2024-03-18T10:28:10.245Z] Total params: 1451
[2024-03-18T10:28:10.245Z] Trainable params: 1451
[2024-03-18T10:28:10.246Z] Non-trainable params: 0
[2024-03-18T10:28:10.246Z] __________________________________________________________________________________________
[2024-03-18T10:28:30.259Z] error: 0.01218736544251442
[2024-03-18T10:28:30.260Z] after fitting
[2024-03-18T10:28:30.567Z] Successfully saving 14:1F:BA:10:7F:82
[2024-03-18T10:28:30.574Z] -------------------------normelizeData-------------------------
[2024-03-18T10:28:30.575Z] x 
[2024-03-18T10:28:30.577Z] x 
[2024-03-18T10:28:30.580Z] X_normalized before reshape: 
[2024-03-18T10:28:30.590Z] -------------------------normelizeData-------------------------
[2024-03-18T10:28:30.590Z] x 
[2024-03-18T10:28:30.594Z] __________________________________________________________________________________________
[2024-03-18T10:28:30.595Z] Layer (type)                Input Shape               Output shape              Param #   
[2024-03-18T10:28:30.595Z] ==========================================================================================
[2024-03-18T10:28:30.595Z] dense_Dense25 (Dense)       [[null,2]]                [null,50]                 150       
[2024-03-18T10:28:30.596Z] __________________________________________________________________________________________
[2024-03-18T10:28:30.596Z] dense_Dense26 (Dense)       [[null,50]]               [null,25]                 1275      
[2024-03-18T10:28:30.597Z] __________________________________________________________________________________________
[2024-03-18T10:28:30.597Z] dense_Dense27 (Dense)       [[null,25]]               [null,1]                  26        
[2024-03-18T10:28:30.597Z] ==========================================================================================
[2024-03-18T10:28:30.597Z] Total params: 1451
[2024-03-18T10:28:30.598Z] Trainable params: 1451
[2024-03-18T10:28:30.598Z] Non-trainable params: 0
[2024-03-18T10:28:30.598Z] __________________________________________________________________________________________
[2024-03-18T10:29:10.097Z] error: 0.05998119339346886
[2024-03-18T10:29:10.098Z] after fitting
[2024-03-18T10:29:10.552Z] Successfully saving 14:1F:BA:10:7F:96
[2024-03-18T10:29:10.559Z] -------------------------normelizeData-------------------------
[2024-03-18T10:29:10.559Z] x 
[2024-03-18T10:29:10.561Z] x 
[2024-03-18T10:29:10.564Z] X_normalized before reshape: 
[2024-03-18T10:29:10.572Z] -------------------------normelizeData-------------------------
[2024-03-18T10:29:10.572Z] x 
[2024-03-18T10:29:10.577Z] __________________________________________________________________________________________
[2024-03-18T10:29:10.577Z] Layer (type)                Input Shape               Output shape              Param #   
[2024-03-18T10:29:10.578Z] ==========================================================================================
[2024-03-18T10:29:10.578Z] dense_Dense28 (Dense)       [[null,2]]                [null,50]                 150       
[2024-03-18T10:29:10.578Z] __________________________________________________________________________________________
[2024-03-18T10:29:10.578Z] dense_Dense29 (Dense)       [[null,50]]               [null,25]                 1275      
[2024-03-18T10:29:10.578Z] __________________________________________________________________________________________
[2024-03-18T10:29:10.579Z] dense_Dense30 (Dense)       [[null,25]]               [null,1]                  26        
[2024-03-18T10:29:10.579Z] ==========================================================================================
[2024-03-18T10:29:10.579Z] Total params: 1451
[2024-03-18T10:29:10.580Z] Trainable params: 1451
[2024-03-18T10:29:10.580Z] Non-trainable params: 0
[2024-03-18T10:29:10.580Z] __________________________________________________________________________________________
[2024-03-18T10:29:58.417Z] error: 0.1738005131483078
[2024-03-18T10:29:58.417Z] after fitting
[2024-03-18T10:29:58.704Z] Successfully saving 14:1F:BA:10:7F:E4
[2024-03-18T10:29:58.709Z] -------------------------normelizeData-------------------------
[2024-03-18T10:29:58.709Z] x 
[2024-03-18T10:29:58.712Z] x 
[2024-03-18T10:29:58.715Z] X_normalized before reshape: 
[2024-03-18T10:29:58.723Z] -------------------------normelizeData-------------------------
[2024-03-18T10:29:58.724Z] x 
[2024-03-18T10:29:58.729Z] __________________________________________________________________________________________
[2024-03-18T10:29:58.729Z] Layer (type)                Input Shape               Output shape              Param #   
[2024-03-18T10:29:58.729Z] ==========================================================================================
[2024-03-18T10:29:58.729Z] dense_Dense31 (Dense)       [[null,2]]                [null,50]                 150       
[2024-03-18T10:29:58.730Z] __________________________________________________________________________________________
[2024-03-18T10:29:58.730Z] dense_Dense32 (Dense)       [[null,50]]               [null,25]                 1275      
[2024-03-18T10:29:58.730Z] __________________________________________________________________________________________
[2024-03-18T10:29:58.730Z] dense_Dense33 (Dense)       [[null,25]]               [null,1]                  26        
[2024-03-18T10:29:58.731Z] ==========================================================================================
[2024-03-18T10:29:58.731Z] Total params: 1451
[2024-03-18T10:29:58.731Z] Trainable params: 1451
[2024-03-18T10:29:58.731Z] Non-trainable params: 0
[2024-03-18T10:29:58.731Z] __________________________________________________________________________________________
[2024-03-18T10:30:30.504Z] error: 0.03266910836100578
[2024-03-18T10:30:30.505Z] after fitting
[2024-03-18T10:30:30.798Z] Successfully saving 14:1F:BA:10:7F:EC
[2024-03-18T10:30:30.804Z] -------------------------normelizeData-------------------------
[2024-03-18T10:30:30.805Z] x 
[2024-03-18T10:30:30.807Z] x 
[2024-03-18T10:30:30.809Z] X_normalized before reshape: 
[2024-03-18T10:30:30.819Z] -------------------------normelizeData-------------------------
[2024-03-18T10:30:30.819Z] x 
[2024-03-18T10:30:30.823Z] __________________________________________________________________________________________
[2024-03-18T10:30:30.824Z] Layer (type)                Input Shape               Output shape              Param #   
[2024-03-18T10:30:30.824Z] ==========================================================================================
[2024-03-18T10:30:30.825Z] dense_Dense34 (Dense)       [[null,2]]                [null,50]                 150       
[2024-03-18T10:30:30.825Z] __________________________________________________________________________________________
[2024-03-18T10:30:30.825Z] dense_Dense35 (Dense)       [[null,50]]               [null,25]                 1275      
[2024-03-18T10:30:30.825Z] __________________________________________________________________________________________
[2024-03-18T10:30:30.826Z] dense_Dense36 (Dense)       [[null,25]]               [null,1]                  26        
[2024-03-18T10:30:30.826Z] ==========================================================================================
[2024-03-18T10:30:30.827Z] Total params: 1451
[2024-03-18T10:30:30.827Z] Trainable params: 1451
[2024-03-18T10:30:30.827Z] Non-trainable params: 0
[2024-03-18T10:30:30.827Z] __________________________________________________________________________________________
[2024-03-18T10:30:50.464Z] error: 0.024685299023985863
[2024-03-18T10:30:50.464Z] after fitting
[2024-03-18T10:30:51.109Z] Successfully saving 14:1F:BA:10:80:06
[2024-03-18T10:30:51.114Z] -------------------------normelizeData-------------------------
[2024-03-18T10:30:51.115Z] x 
[2024-03-18T10:30:51.117Z] x 
[2024-03-18T10:30:51.119Z] X_normalized before reshape: 
[2024-03-18T10:30:51.125Z] -------------------------normelizeData-------------------------
[2024-03-18T10:30:51.125Z] x 
[2024-03-18T10:30:51.128Z] __________________________________________________________________________________________
[2024-03-18T10:30:51.129Z] Layer (type)                Input Shape               Output shape              Param #   
[2024-03-18T10:30:51.129Z] ==========================================================================================
[2024-03-18T10:30:51.129Z] dense_Dense37 (Dense)       [[null,2]]                [null,50]                 150       
[2024-03-18T10:30:51.130Z] __________________________________________________________________________________________
[2024-03-18T10:30:51.130Z] dense_Dense38 (Dense)       [[null,50]]               [null,25]                 1275      
[2024-03-18T10:30:51.130Z] __________________________________________________________________________________________
[2024-03-18T10:30:51.130Z] dense_Dense39 (Dense)       [[null,25]]               [null,1]                  26        
[2024-03-18T10:30:51.131Z] ==========================================================================================
[2024-03-18T10:30:51.131Z] Total params: 1451
[2024-03-18T10:30:51.131Z] Trainable params: 1451
[2024-03-18T10:30:51.131Z] Non-trainable params: 0
[2024-03-18T10:30:51.132Z] __________________________________________________________________________________________
[2024-03-18T10:30:58.986Z] error: 0.3462541401386261
[2024-03-18T10:30:58.987Z] after fitting
[2024-03-18T10:30:59.378Z] Successfully saving 14:1F:BA:10:B5:A5
[2024-03-18T10:30:59.384Z] -------------------------normelizeData-------------------------
[2024-03-18T10:30:59.385Z] x 
[2024-03-18T10:30:59.387Z] x 
[2024-03-18T10:30:59.389Z] X_normalized before reshape: 
[2024-03-18T10:30:59.398Z] -------------------------normelizeData-------------------------
[2024-03-18T10:30:59.398Z] x 
[2024-03-18T10:30:59.403Z] __________________________________________________________________________________________
[2024-03-18T10:30:59.404Z] Layer (type)                Input Shape               Output shape              Param #   
[2024-03-18T10:30:59.404Z] ==========================================================================================
[2024-03-18T10:30:59.404Z] dense_Dense40 (Dense)       [[null,2]]                [null,50]                 150       
[2024-03-18T10:30:59.404Z] __________________________________________________________________________________________
[2024-03-18T10:30:59.405Z] dense_Dense41 (Dense)       [[null,50]]               [null,25]                 1275      
[2024-03-18T10:30:59.405Z] __________________________________________________________________________________________
[2024-03-18T10:30:59.405Z] dense_Dense42 (Dense)       [[null,25]]               [null,1]                  26        
[2024-03-18T10:30:59.405Z] ==========================================================================================
[2024-03-18T10:30:59.406Z] Total params: 1451
[2024-03-18T10:30:59.406Z] Trainable params: 1451
[2024-03-18T10:30:59.406Z] Non-trainable params: 0
[2024-03-18T10:30:59.406Z] __________________________________________________________________________________________
[2024-03-18T10:31:29.691Z] error: 0.08182083815336227
[2024-03-18T10:31:29.692Z] after fitting
[2024-03-18T10:31:30.045Z] Successfully saving 14:1F:BA:10:B5:A9
[2024-03-18T10:31:30.050Z] -------------------------normelizeData-------------------------
[2024-03-18T10:31:30.051Z] x 
[2024-03-18T10:31:30.052Z] x 
[2024-03-18T10:31:30.054Z] X_normalized before reshape: 
[2024-03-18T10:31:30.061Z] -------------------------normelizeData-------------------------
[2024-03-18T10:31:30.061Z] x 
[2024-03-18T10:31:30.065Z] __________________________________________________________________________________________
[2024-03-18T10:31:30.065Z] Layer (type)                Input Shape               Output shape              Param #   
[2024-03-18T10:31:30.065Z] ==========================================================================================
[2024-03-18T10:31:30.065Z] dense_Dense43 (Dense)       [[null,2]]                [null,50]                 150       
[2024-03-18T10:31:30.065Z] __________________________________________________________________________________________
[2024-03-18T10:31:30.066Z] dense_Dense44 (Dense)       [[null,50]]               [null,25]                 1275      
[2024-03-18T10:31:30.066Z] __________________________________________________________________________________________
[2024-03-18T10:31:30.066Z] dense_Dense45 (Dense)       [[null,25]]               [null,1]                  26        
[2024-03-18T10:31:30.066Z] ==========================================================================================
[2024-03-18T10:31:30.066Z] Total params: 1451
[2024-03-18T10:31:30.066Z] Trainable params: 1451
[2024-03-18T10:31:30.066Z] Non-trainable params: 0
[2024-03-18T10:31:30.067Z] __________________________________________________________________________________________
[2024-03-18T10:31:58.402Z] error: 0.01650816574692726
[2024-03-18T10:31:58.402Z] after fitting
[2024-03-18T10:31:58.681Z] Successfully saving 14:1F:BA:10:B5:AD
[2024-03-18T10:31:58.687Z] -------------------------normelizeData-------------------------
[2024-03-18T10:31:58.688Z] x 
[2024-03-18T10:31:58.689Z] x 
[2024-03-18T10:31:58.691Z] X_normalized before reshape: 
[2024-03-18T10:31:58.702Z] -------------------------normelizeData-------------------------
[2024-03-18T10:31:58.703Z] x 
[2024-03-18T10:31:58.707Z] __________________________________________________________________________________________
[2024-03-18T10:31:58.707Z] Layer (type)                Input Shape               Output shape              Param #   
[2024-03-18T10:31:58.708Z] ==========================================================================================
[2024-03-18T10:31:58.708Z] dense_Dense46 (Dense)       [[null,2]]                [null,50]                 150       
[2024-03-18T10:31:58.708Z] __________________________________________________________________________________________
[2024-03-18T10:31:58.708Z] dense_Dense47 (Dense)       [[null,50]]               [null,25]                 1275      
[2024-03-18T10:31:58.708Z] __________________________________________________________________________________________
[2024-03-18T10:31:58.709Z] dense_Dense48 (Dense)       [[null,25]]               [null,1]                  26        
[2024-03-18T10:31:58.709Z] ==========================================================================================
[2024-03-18T10:31:58.709Z] Total params: 1451
[2024-03-18T10:31:58.709Z] Trainable params: 1451
[2024-03-18T10:31:58.710Z] Non-trainable params: 0
[2024-03-18T10:31:58.710Z] __________________________________________________________________________________________
[2024-03-18T10:32:10.819Z] error: 0.005027183331549168
[2024-03-18T10:32:10.819Z] after fitting
[2024-03-18T10:32:11.148Z] Successfully saving 14:1F:BA:10:B5:B0
[2024-03-18T10:32:11.154Z] -------------------------normelizeData-------------------------
[2024-03-18T10:32:11.155Z] x 
[2024-03-18T10:32:11.157Z] x 
[2024-03-18T10:32:11.159Z] X_normalized before reshape: 
[2024-03-18T10:32:11.170Z] -------------------------normelizeData-------------------------
[2024-03-18T10:32:11.170Z] x 
[2024-03-18T10:32:11.175Z] __________________________________________________________________________________________
[2024-03-18T10:32:11.175Z] Layer (type)                Input Shape               Output shape              Param #   
[2024-03-18T10:32:11.175Z] ==========================================================================================
[2024-03-18T10:32:11.176Z] dense_Dense49 (Dense)       [[null,2]]                [null,50]                 150       
[2024-03-18T10:32:11.176Z] __________________________________________________________________________________________
[2024-03-18T10:32:11.176Z] dense_Dense50 (Dense)       [[null,50]]               [null,25]                 1275      
[2024-03-18T10:32:11.177Z] __________________________________________________________________________________________
[2024-03-18T10:32:11.177Z] dense_Dense51 (Dense)       [[null,25]]               [null,1]                  26        
[2024-03-18T10:32:11.177Z] ==========================================================================================
[2024-03-18T10:32:11.178Z] Total params: 1451
[2024-03-18T10:32:11.178Z] Trainable params: 1451
[2024-03-18T10:32:11.178Z] Non-trainable params: 0
[2024-03-18T10:32:11.179Z] __________________________________________________________________________________________
[2024-03-18T10:32:26.401Z] error: 0.008879962377250195
[2024-03-18T10:32:26.401Z] after fitting
[2024-03-18T10:32:26.687Z] Successfully saving 14:1F:BA:10:B5:B4
[2024-03-18T10:32:26.691Z] -------------------------normelizeData-------------------------
[2024-03-18T10:32:26.691Z] x 
[2024-03-18T10:32:26.694Z] x 
[2024-03-18T10:32:26.696Z] X_normalized before reshape: 
[2024-03-18T10:32:26.704Z] -------------------------normelizeData-------------------------
[2024-03-18T10:32:26.705Z] x 
[2024-03-18T10:32:26.713Z] __________________________________________________________________________________________
[2024-03-18T10:32:26.713Z] Layer (type)                Input Shape               Output shape              Param #   
[2024-03-18T10:32:26.713Z] ==========================================================================================
[2024-03-18T10:32:26.714Z] dense_Dense52 (Dense)       [[null,2]]                [null,50]                 150       
[2024-03-18T10:32:26.714Z] __________________________________________________________________________________________
[2024-03-18T10:32:26.714Z] dense_Dense53 (Dense)       [[null,50]]               [null,25]                 1275      
[2024-03-18T10:32:26.714Z] __________________________________________________________________________________________
[2024-03-18T10:32:26.714Z] dense_Dense54 (Dense)       [[null,25]]               [null,1]                  26        
[2024-03-18T10:32:26.714Z] ==========================================================================================
[2024-03-18T10:32:26.715Z] Total params: 1451
[2024-03-18T10:32:26.715Z] Trainable params: 1451
[2024-03-18T10:32:26.715Z] Non-trainable params: 0
[2024-03-18T10:32:26.715Z] __________________________________________________________________________________________
[2024-03-18T10:32:51.484Z] error: 0.08527833968400955
[2024-03-18T10:32:51.485Z] after fitting
[2024-03-18T10:32:51.767Z] Successfully saving 14:1F:BA:10:B5:B5
[2024-03-18T10:32:51.772Z] -------------------------normelizeData-------------------------
[2024-03-18T10:32:51.773Z] x 
[2024-03-18T10:32:51.775Z] x 
[2024-03-18T10:32:51.777Z] X_normalized before reshape: 
[2024-03-18T10:32:51.786Z] -------------------------normelizeData-------------------------
[2024-03-18T10:32:51.786Z] x 
[2024-03-18T10:32:51.791Z] __________________________________________________________________________________________
[2024-03-18T10:32:51.791Z] Layer (type)                Input Shape               Output shape              Param #   
[2024-03-18T10:32:51.791Z] ==========================================================================================
[2024-03-18T10:32:51.791Z] dense_Dense55 (Dense)       [[null,2]]                [null,50]                 150       
[2024-03-18T10:32:51.792Z] __________________________________________________________________________________________
[2024-03-18T10:32:51.792Z] dense_Dense56 (Dense)       [[null,50]]               [null,25]                 1275      
[2024-03-18T10:32:51.792Z] __________________________________________________________________________________________
[2024-03-18T10:32:51.792Z] dense_Dense57 (Dense)       [[null,25]]               [null,1]                  26        
[2024-03-18T10:32:51.793Z] ==========================================================================================
[2024-03-18T10:32:51.793Z] Total params: 1451
[2024-03-18T10:32:51.793Z] Trainable params: 1451
[2024-03-18T10:32:51.794Z] Non-trainable params: 0
[2024-03-18T10:32:51.794Z] __________________________________________________________________________________________
[2024-03-18T10:33:28.170Z] error: 0.28019461035728455
[2024-03-18T10:33:28.170Z] after fitting
[2024-03-18T10:33:28.511Z] Successfully saving 14:1F:BA:10:B5:C0
[2024-03-18T10:33:28.519Z] -------------------------normelizeData-------------------------
[2024-03-18T10:33:28.520Z] x 
[2024-03-18T10:33:28.523Z] x 
[2024-03-18T10:33:28.527Z] X_normalized before reshape: 
[2024-03-18T10:33:28.544Z] -------------------------normelizeData-------------------------
[2024-03-18T10:33:28.545Z] x 
[2024-03-18T10:33:28.551Z] __________________________________________________________________________________________
[2024-03-18T10:33:28.552Z] Layer (type)                Input Shape               Output shape              Param #   
[2024-03-18T10:33:28.552Z] ==========================================================================================
[2024-03-18T10:33:28.552Z] dense_Dense58 (Dense)       [[null,2]]                [null,50]                 150       
[2024-03-18T10:33:28.553Z] __________________________________________________________________________________________
[2024-03-18T10:33:28.553Z] dense_Dense59 (Dense)       [[null,50]]               [null,25]                 1275      
[2024-03-18T10:33:28.553Z] __________________________________________________________________________________________
[2024-03-18T10:33:28.554Z] dense_Dense60 (Dense)       [[null,25]]               [null,1]                  26        
[2024-03-18T10:33:28.554Z] ==========================================================================================
[2024-03-18T10:33:28.555Z] Total params: 1451
[2024-03-18T10:33:28.555Z] Trainable params: 1451
[2024-03-18T10:33:28.555Z] Non-trainable params: 0
[2024-03-18T10:33:28.555Z] __________________________________________________________________________________________
[2024-03-18T10:33:47.798Z] error: 0.10522329062223434
[2024-03-18T10:33:47.798Z] after fitting
[2024-03-18T10:33:48.068Z] Successfully saving 14:1F:BA:10:B5:C2
[2024-03-18T10:33:48.073Z] -------------------------normelizeData-------------------------
[2024-03-18T10:33:48.074Z] x 
[2024-03-18T10:33:48.075Z] x 
[2024-03-18T10:33:48.077Z] X_normalized before reshape: 
[2024-03-18T10:33:48.084Z] -------------------------normelizeData-------------------------
[2024-03-18T10:33:48.084Z] x 
[2024-03-18T10:33:48.088Z] __________________________________________________________________________________________
[2024-03-18T10:33:48.088Z] Layer (type)                Input Shape               Output shape              Param #   
[2024-03-18T10:33:48.089Z] ==========================================================================================
[2024-03-18T10:33:48.089Z] dense_Dense61 (Dense)       [[null,2]]                [null,50]                 150       
[2024-03-18T10:33:48.089Z] __________________________________________________________________________________________
[2024-03-18T10:33:48.089Z] dense_Dense62 (Dense)       [[null,50]]               [null,25]                 1275      
[2024-03-18T10:33:48.089Z] __________________________________________________________________________________________
[2024-03-18T10:33:48.090Z] dense_Dense63 (Dense)       [[null,25]]               [null,1]                  26        
[2024-03-18T10:33:48.090Z] ==========================================================================================
[2024-03-18T10:33:48.090Z] Total params: 1451
[2024-03-18T10:33:48.090Z] Trainable params: 1451
[2024-03-18T10:33:48.090Z] Non-trainable params: 0
[2024-03-18T10:33:48.090Z] __________________________________________________________________________________________
[2024-03-18T10:34:20.420Z] error: 0.08828289061784744
[2024-03-18T10:34:20.421Z] after fitting
[2024-03-18T10:34:20.736Z] Successfully saving 14:1F:BA:10:B5:F5
[2024-03-18T10:34:20.741Z] -------------------------normelizeData-------------------------
[2024-03-18T10:34:20.741Z] x 
[2024-03-18T10:34:20.744Z] x 
[2024-03-18T10:34:20.746Z] X_normalized before reshape: 
[2024-03-18T10:34:20.757Z] -------------------------normelizeData-------------------------
[2024-03-18T10:34:20.757Z] x 
[2024-03-18T10:34:20.762Z] __________________________________________________________________________________________
[2024-03-18T10:34:20.763Z] Layer (type)                Input Shape               Output shape              Param #   
[2024-03-18T10:34:20.763Z] ==========================================================================================
[2024-03-18T10:34:20.764Z] dense_Dense64 (Dense)       [[null,2]]                [null,50]                 150       
[2024-03-18T10:34:20.764Z] __________________________________________________________________________________________
[2024-03-18T10:34:20.764Z] dense_Dense65 (Dense)       [[null,50]]               [null,25]                 1275      
[2024-03-18T10:34:20.765Z] __________________________________________________________________________________________
[2024-03-18T10:34:20.765Z] dense_Dense66 (Dense)       [[null,25]]               [null,1]                  26        
[2024-03-18T10:34:20.765Z] ==========================================================================================
[2024-03-18T10:34:20.766Z] Total params: 1451
[2024-03-18T10:34:20.766Z] Trainable params: 1451
[2024-03-18T10:34:20.766Z] Non-trainable params: 0
[2024-03-18T10:34:20.766Z] __________________________________________________________________________________________
[2024-03-18T10:34:54.633Z] error: 0.03585437685251236
[2024-03-18T10:34:54.633Z] after fitting
[2024-03-18T10:34:54.917Z] Successfully saving 14:1F:BA:10:B5:FA
[2024-03-18T10:34:54.924Z] -------------------------normelizeData-------------------------
[2024-03-18T10:34:54.925Z] x 
[2024-03-18T10:34:54.928Z] x 
[2024-03-18T10:34:54.931Z] X_normalized before reshape: 
[2024-03-18T10:34:54.940Z] -------------------------normelizeData-------------------------
[2024-03-18T10:34:54.940Z] x 
[2024-03-18T10:34:54.946Z] __________________________________________________________________________________________
[2024-03-18T10:34:54.946Z] Layer (type)                Input Shape               Output shape              Param #   
[2024-03-18T10:34:54.946Z] ==========================================================================================
[2024-03-18T10:34:54.947Z] dense_Dense67 (Dense)       [[null,2]]                [null,50]                 150       
[2024-03-18T10:34:54.947Z] __________________________________________________________________________________________
[2024-03-18T10:34:54.947Z] dense_Dense68 (Dense)       [[null,50]]               [null,25]                 1275      
[2024-03-18T10:34:54.947Z] __________________________________________________________________________________________
[2024-03-18T10:34:54.948Z] dense_Dense69 (Dense)       [[null,25]]               [null,1]                  26        
[2024-03-18T10:34:54.948Z] ==========================================================================================
[2024-03-18T10:34:54.948Z] Total params: 1451
[2024-03-18T10:34:54.948Z] Trainable params: 1451
[2024-03-18T10:34:54.949Z] Non-trainable params: 0
[2024-03-18T10:34:54.949Z] __________________________________________________________________________________________
[2024-03-18T10:35:18.469Z] error: 0.06695017963647842
[2024-03-18T10:35:18.469Z] after fitting
[2024-03-18T10:35:18.794Z] Successfully saving 14:1F:BA:10:B5:FB
[2024-03-18T10:35:18.798Z] -------------------------normelizeData-------------------------
[2024-03-18T10:35:18.799Z] x 
[2024-03-18T10:35:18.801Z] x 
[2024-03-18T10:35:18.804Z] X_normalized before reshape: 
[2024-03-18T10:35:18.814Z] -------------------------normelizeData-------------------------
[2024-03-18T10:35:18.814Z] x 
[2024-03-18T10:35:18.817Z] __________________________________________________________________________________________
[2024-03-18T10:35:18.817Z] Layer (type)                Input Shape               Output shape              Param #   
[2024-03-18T10:35:18.818Z] ==========================================================================================
[2024-03-18T10:35:18.818Z] dense_Dense70 (Dense)       [[null,2]]                [null,50]                 150       
[2024-03-18T10:35:18.818Z] __________________________________________________________________________________________
[2024-03-18T10:35:18.818Z] dense_Dense71 (Dense)       [[null,50]]               [null,25]                 1275      
[2024-03-18T10:35:18.818Z] __________________________________________________________________________________________
[2024-03-18T10:35:18.818Z] dense_Dense72 (Dense)       [[null,25]]               [null,1]                  26        
[2024-03-18T10:35:18.818Z] ==========================================================================================
[2024-03-18T10:35:18.818Z] Total params: 1451
[2024-03-18T10:35:18.818Z] Trainable params: 1451
[2024-03-18T10:35:18.818Z] Non-trainable params: 0
[2024-03-18T10:35:18.819Z] __________________________________________________________________________________________
[2024-03-18T10:35:35.499Z] error: 0.004545902367681265
[2024-03-18T10:35:35.499Z] after fitting
[2024-03-18T10:35:35.805Z] Successfully saving 14:1F:BA:10:B5:FE
[2024-03-18T10:35:35.810Z] -------------------------normelizeData-------------------------
[2024-03-18T10:35:35.810Z] x 
[2024-03-18T10:35:35.812Z] x 
[2024-03-18T10:35:35.814Z] X_normalized before reshape: 
[2024-03-18T10:35:35.826Z] -------------------------normelizeData-------------------------
[2024-03-18T10:35:35.827Z] x 
[2024-03-18T10:35:35.829Z] __________________________________________________________________________________________
[2024-03-18T10:35:35.830Z] Layer (type)                Input Shape               Output shape              Param #   
[2024-03-18T10:35:35.830Z] ==========================================================================================
[2024-03-18T10:35:35.830Z] dense_Dense73 (Dense)       [[null,2]]                [null,50]                 150       
[2024-03-18T10:35:35.830Z] __________________________________________________________________________________________
[2024-03-18T10:35:35.830Z] dense_Dense74 (Dense)       [[null,50]]               [null,25]                 1275      
[2024-03-18T10:35:35.830Z] __________________________________________________________________________________________
[2024-03-18T10:35:35.830Z] dense_Dense75 (Dense)       [[null,25]]               [null,1]                  26        
[2024-03-18T10:35:35.830Z] ==========================================================================================
[2024-03-18T10:35:35.831Z] Total params: 1451
[2024-03-18T10:35:35.831Z] Trainable params: 1451
[2024-03-18T10:35:35.831Z] Non-trainable params: 0
[2024-03-18T10:35:35.831Z] __________________________________________________________________________________________
