[2024-03-17T15:36:20.382Z] ERROR: undefined
[2024-03-17T15:36:27.892Z] reading from db
[2024-03-17T15:36:27.895Z] Starting model training...
[2024-03-17T15:36:27.918Z] -------------------------normelizeData-------------------------
[2024-03-17T15:36:27.918Z] ---------------------------normelizeRow---------------------------
[2024-03-17T15:36:27.919Z] name
[2024-03-17T15:36:27.922Z] in if
[2024-03-17T15:36:27.923Z] returned from normalize row: 
[2024-03-17T15:36:27.926Z] x 
[2024-03-17T15:36:27.928Z] ---------------------------normelizeRow---------------------------
[2024-03-17T15:36:27.928Z] name
[2024-03-17T15:36:27.930Z] in if
[2024-03-17T15:36:27.930Z] returned from normalize row: 
[2024-03-17T15:36:27.933Z] x 
[2024-03-17T15:36:27.936Z] X_normalized before reshape: 
[2024-03-17T15:36:27.938Z] X_normalized
[2024-03-17T15:36:27.940Z] X_normalized values: 
[2024-03-17T15:36:27.943Z] -------------------------normelizeData-------------------------
[2024-03-17T15:36:27.943Z] ---------------------------normelizeRow---------------------------
[2024-03-17T15:36:27.943Z] name
[2024-03-17T15:36:27.944Z] in if
[2024-03-17T15:36:27.946Z] returned from normalize row: 
[2024-03-17T15:36:27.953Z] x 
[2024-03-17T15:36:27.980Z] __________________________________________________________________________________________
[2024-03-17T15:36:27.981Z] Layer (type)                Input Shape               Output shape              Param #   
[2024-03-17T15:36:27.982Z] ==========================================================================================
[2024-03-17T15:36:27.983Z] dense_Dense1 (Dense)        [[null,2]]                [null,50]                 150       
[2024-03-17T15:36:27.984Z] __________________________________________________________________________________________
[2024-03-17T15:36:27.984Z] dense_Dense2 (Dense)        [[null,50]]               [null,25]                 1275      
[2024-03-17T15:36:27.984Z] __________________________________________________________________________________________
[2024-03-17T15:36:27.985Z] dense_Dense3 (Dense)        [[null,25]]               [null,1]                  26        
[2024-03-17T15:36:27.985Z] ==========================================================================================
[2024-03-17T15:36:27.986Z] Total params: 1451
[2024-03-17T15:36:27.987Z] Trainable params: 1451
[2024-03-17T15:36:27.987Z] Non-trainable params: 0
[2024-03-17T15:36:27.988Z] __________________________________________________________________________________________
