[2024-03-07T15:48:45.774Z] ERROR: undefined
[2024-03-07T15:48:51.925Z] reading from db
[2024-03-07T15:48:51.926Z] Starting model training...
[2024-03-07T15:48:51.952Z] before creating model: trainingData: 
[2024-03-07T15:48:51.962Z] __________________________________________________________________________________________
[2024-03-07T15:48:51.962Z] Layer (type)                Input Shape               Output shape              Param #   
[2024-03-07T15:48:51.962Z] ==========================================================================================
[2024-03-07T15:48:51.963Z] dense_Dense1 (Dense)        [[null,2]]                [null,50]                 150       
[2024-03-07T15:48:51.963Z] __________________________________________________________________________________________
[2024-03-07T15:48:51.964Z] dense_Dense2 (Dense)        [[null,50]]               [null,25]                 1275      
[2024-03-07T15:48:51.964Z] __________________________________________________________________________________________
[2024-03-07T15:48:51.964Z] dense_Dense3 (Dense)        [[null,25]]               [null,1]                  26        
[2024-03-07T15:48:51.965Z] ==========================================================================================
[2024-03-07T15:48:51.965Z] Total params: 1451
[2024-03-07T15:48:51.966Z] Trainable params: 1451
[2024-03-07T15:48:51.966Z] Non-trainable params: 0
[2024-03-07T15:48:51.967Z] __________________________________________________________________________________________
[2024-03-07T15:48:51.968Z] before fitting
[2024-03-07T15:52:13.146Z] error: 0.13054706156253815
[2024-03-07T15:52:13.148Z] after fitting
[2024-03-07T15:52:13.433Z] Successfully saving 00:B0:52:FF:FF:02
